<?xml version="1.0" encoding="UTF-8"?>
<!-- Generated by org.testng.reporters.JUnitReportReporter -->
<testsuite ignored="0" hostname="DESKTOP-2G9V72L" failures="0" tests="9" name="Verify_purchase.Com_mastere_2" time="118.523" errors="0" timestamp="25 Jan 2022 07:36:12 GMT" skipped="0">
  <testcase classname="Verify_purchase.Com_mastere_2" name="GRC_Registration" time="11.393"/>
  <testcase classname="Verify_purchase.Com_mastere_2" name="Invoice_Registration" time="12.340"/>
  <testcase classname="Verify_purchase.Com_mastere_2" name="purchase_Invoice" time="17.133"/>
  <testcase classname="Verify_purchase.Com_mastere_2" name="item_attributes" time="11.280"/>
  <testcase classname="Verify_purchase.Com_mastere_2" name="item_registration" time="10.069"/>
  <testcase classname="Verify_purchase.Com_mastere_2" name="purchase_order" time="17.910"/>
  <testcase classname="Verify_purchase.Com_mastere_2" name="verify_finacial_master_2" time="16.245"/>
  <testcase classname="Verify_purchase.Com_mastere_2" name="Goods_Receipt" time="10.980"/>
  <testcase classname="Verify_purchase.Com_mastere_2" name="Print_Barcode" time="11.173"/>
</testsuite> <!-- Verify_purchase.Com_mastere_2 -->
