<?xml version="1.0" encoding="UTF-8"?>
<!-- Generated by org.testng.reporters.JUnitReportReporter -->
<testsuite ignored="0" hostname="DESKTOP-2G9V72L" failures="0" tests="1" name="Com.myaccount_login.Homepage_Login" time="71.227" errors="0" timestamp="02 Jan 2022 07:34:21 GMT" skipped="0">
  <testcase classname="Com.myaccount_login.Homepage_Login" name="Verify_Login_credentials" time="71.227"/>
</testsuite> <!-- Com.myaccount_login.Homepage_Login -->
