<?xml version="1.0" encoding="UTF-8"?>
<!-- Generated by org.testng.reporters.JUnitReportReporter -->
<testsuite ignored="0" hostname="DESKTOP-2G9V72L" failures="0" tests="5" name="Verify_finacialAccounting.Com_master" time="119.850" errors="0" timestamp="08 Jan 2022 06:29:40 GMT" skipped="0">
  <testcase classname="Verify_finacialAccounting.Com_master" name="verify_finacial_master" time="24.026"/>
  <testcase classname="Verify_finacialAccounting.Com_master" name="Verify_finacial_Receipt" time="37.482"/>
  <testcase classname="Verify_finacialAccounting.Com_master" name="Verify_finacial_Journals" time="16.790"/>
  <testcase classname="Verify_finacialAccounting.Com_master" name="Verify_finacial_Payment" time="25.184"/>
  <testcase classname="Verify_finacialAccounting.Com_master" name="Verify_finacial_dailyreport" time="16.368"/>
</testsuite> <!-- Verify_finacialAccounting.Com_master -->
