<?xml version="1.0" encoding="UTF-8"?>
<!-- Generated by org.testng.reporters.JUnitReportReporter -->
<testsuite ignored="0" hostname="DESKTOP-2G9V72L" failures="0" tests="2" name="Verify_finacial_inventory.Com_requirment" time="30.869" errors="0" timestamp="17 Feb 2022 05:39:42 GMT" skipped="0">
  <testcase classname="Verify_finacial_inventory.Com_requirment" name="Requirments" time="17.114"/>
  <testcase classname="Verify_finacial_inventory.Com_requirment" name="printbarcode" time="13.755"/>
</testsuite> <!-- Verify_finacial_inventory.Com_requirment -->
